INFO [2026-02-21 23:39:44] $x
INFO [2026-02-21 23:39:44] list(Exo = exo_miRNAs, Ti = ti_miRNAs, CF = cf_miRNAs)
INFO [2026-02-21 23:39:44] 
INFO [2026-02-21 23:39:44] $filename
INFO [2026-02-21 23:39:44] NULL
INFO [2026-02-21 23:39:44] 
INFO [2026-02-21 23:39:44] $fill
INFO [2026-02-21 23:39:44] c("#b22222", "#2e8b57", "#1f4e79")
INFO [2026-02-21 23:39:44] 
INFO [2026-02-21 23:39:44] $alpha
INFO [2026-02-21 23:39:44] [1] 0.5
INFO [2026-02-21 23:39:44] 
INFO [2026-02-21 23:39:44] $cex
INFO [2026-02-21 23:39:44] [1] 1.2
INFO [2026-02-21 23:39:44] 
INFO [2026-02-21 23:39:44] $cat.cex
INFO [2026-02-21 23:39:44] [1] 1.3
INFO [2026-02-21 23:39:44] 
INFO [2026-02-21 23:39:44] $cat.pos
INFO [2026-02-21 23:39:44] c(-20, 20, 0)
INFO [2026-02-21 23:39:44] 
INFO [2026-02-21 23:39:44] $cat.dist
INFO [2026-02-21 23:39:44] c(0.05, 0.05, 0.07)
INFO [2026-02-21 23:39:44] 
INFO [2026-02-21 23:39:44] $lwd
INFO [2026-02-21 23:39:44] [1] 2
INFO [2026-02-21 23:39:44] 
INFO [2026-02-21 23:39:44] $main
INFO [2026-02-21 23:39:44] [1] "Overlap of Detected miRNAs Across Compartments"
INFO [2026-02-21 23:39:44] 
INFO [2026-02-21 23:39:44] $main.cex
INFO [2026-02-21 23:39:44] [1] 1.5
INFO [2026-02-21 23:39:44] 
