INFO [2026-02-21 20:31:10] $x
INFO [2026-02-21 20:31:10] list(Exo = exo_miRNAs, Ti = ti_miRNAs, CF = cf_miRNAs)
INFO [2026-02-21 20:31:10] 
INFO [2026-02-21 20:31:10] $filename
INFO [2026-02-21 20:31:10] NULL
INFO [2026-02-21 20:31:10] 
INFO [2026-02-21 20:31:10] $fill
INFO [2026-02-21 20:31:10] c("#b22222", "#2e8b57", "#1f4e79")
INFO [2026-02-21 20:31:10] 
INFO [2026-02-21 20:31:10] $alpha
INFO [2026-02-21 20:31:10] [1] 0.5
INFO [2026-02-21 20:31:10] 
INFO [2026-02-21 20:31:10] $cex
INFO [2026-02-21 20:31:10] [1] 1.2
INFO [2026-02-21 20:31:10] 
INFO [2026-02-21 20:31:10] $cat.cex
INFO [2026-02-21 20:31:10] [1] 1.3
INFO [2026-02-21 20:31:10] 
INFO [2026-02-21 20:31:10] $cat.pos
INFO [2026-02-21 20:31:10] c(-20, 20, 0)
INFO [2026-02-21 20:31:10] 
INFO [2026-02-21 20:31:10] $cat.dist
INFO [2026-02-21 20:31:10] c(0.05, 0.05, 0.07)
INFO [2026-02-21 20:31:10] 
INFO [2026-02-21 20:31:10] $lwd
INFO [2026-02-21 20:31:10] [1] 2
INFO [2026-02-21 20:31:10] 
INFO [2026-02-21 20:31:10] $main
INFO [2026-02-21 20:31:10] [1] "Overlap of Detected miRNAs Across Compartments"
INFO [2026-02-21 20:31:10] 
INFO [2026-02-21 20:31:10] $main.cex
INFO [2026-02-21 20:31:10] [1] 1.5
INFO [2026-02-21 20:31:10] 
