INFO [2026-02-21 20:23:40] $x
INFO [2026-02-21 20:23:40] list(Exo = exo_miRNAs, Ti = ti_miRNAs, CF = cf_miRNAs)
INFO [2026-02-21 20:23:40] 
INFO [2026-02-21 20:23:40] $filename
INFO [2026-02-21 20:23:40] NULL
INFO [2026-02-21 20:23:40] 
INFO [2026-02-21 20:23:40] $fill
INFO [2026-02-21 20:23:40] c("#b22222", "#2e8b57", "#1f4e79")
INFO [2026-02-21 20:23:40] 
INFO [2026-02-21 20:23:40] $alpha
INFO [2026-02-21 20:23:40] [1] 0.5
INFO [2026-02-21 20:23:40] 
INFO [2026-02-21 20:23:40] $cex
INFO [2026-02-21 20:23:40] [1] 1.2
INFO [2026-02-21 20:23:40] 
INFO [2026-02-21 20:23:40] $cat.cex
INFO [2026-02-21 20:23:40] [1] 1.3
INFO [2026-02-21 20:23:40] 
INFO [2026-02-21 20:23:40] $cat.pos
INFO [2026-02-21 20:23:40] c(-20, 20, -90)
INFO [2026-02-21 20:23:40] 
INFO [2026-02-21 20:23:40] $cat.dist
INFO [2026-02-21 20:23:40] c(0.05, 0.05, 0.15)
INFO [2026-02-21 20:23:40] 
INFO [2026-02-21 20:23:40] $lwd
INFO [2026-02-21 20:23:40] [1] 2
INFO [2026-02-21 20:23:40] 
INFO [2026-02-21 20:23:40] $fontfamily
INFO [2026-02-21 20:23:40] [1] "sans"
INFO [2026-02-21 20:23:40] 
INFO [2026-02-21 20:23:40] $main
INFO [2026-02-21 20:23:40] [1] "Overlap of Detected miRNAs Across Compartments"
INFO [2026-02-21 20:23:40] 
INFO [2026-02-21 20:23:40] $main.cex
INFO [2026-02-21 20:23:40] [1] 1.5
INFO [2026-02-21 20:23:40] 
