INFO [2026-02-21 20:08:25] $x
INFO [2026-02-21 20:08:25] list(Exo = exo_miRNAs, Ti = ti_miRNAs, CF = cf_miRNAs)
INFO [2026-02-21 20:08:25] 
INFO [2026-02-21 20:08:25] $filename
INFO [2026-02-21 20:08:25] NULL
INFO [2026-02-21 20:08:25] 
INFO [2026-02-21 20:08:25] $fill
INFO [2026-02-21 20:08:25] c("#b22222", "#2e8b57", "#1f4e79")
INFO [2026-02-21 20:08:25] 
INFO [2026-02-21 20:08:25] $alpha
INFO [2026-02-21 20:08:25] [1] 0.5
INFO [2026-02-21 20:08:25] 
INFO [2026-02-21 20:08:25] $cex
INFO [2026-02-21 20:08:25] [1] 1.2
INFO [2026-02-21 20:08:25] 
INFO [2026-02-21 20:08:25] $cat.cex
INFO [2026-02-21 20:08:25] [1] 1.3
INFO [2026-02-21 20:08:25] 
INFO [2026-02-21 20:08:25] $cat.pos
INFO [2026-02-21 20:08:25] [1] 0
INFO [2026-02-21 20:08:25] 
INFO [2026-02-21 20:08:25] $cat.dist
INFO [2026-02-21 20:08:25] [1] 0.05
INFO [2026-02-21 20:08:25] 
INFO [2026-02-21 20:08:25] $lwd
INFO [2026-02-21 20:08:25] [1] 2
INFO [2026-02-21 20:08:25] 
INFO [2026-02-21 20:08:25] $fontfamily
INFO [2026-02-21 20:08:25] [1] "sans"
INFO [2026-02-21 20:08:25] 
INFO [2026-02-21 20:08:25] $main
INFO [2026-02-21 20:08:25] [1] "Overlap of Detected miRNAs Across Compartments"
INFO [2026-02-21 20:08:25] 
INFO [2026-02-21 20:08:25] $main.cex
INFO [2026-02-21 20:08:25] [1] 1.3
INFO [2026-02-21 20:08:25] 
