INFO [2026-02-21 20:20:36] $x
INFO [2026-02-21 20:20:36] list(Exo = exo_miRNAs, Ti = ti_miRNAs, CF = cf_miRNAs)
INFO [2026-02-21 20:20:36] 
INFO [2026-02-21 20:20:36] $filename
INFO [2026-02-21 20:20:36] NULL
INFO [2026-02-21 20:20:36] 
INFO [2026-02-21 20:20:36] $fill
INFO [2026-02-21 20:20:36] c("#b22222", "#2e8b57", "#1f4e79")
INFO [2026-02-21 20:20:36] 
INFO [2026-02-21 20:20:36] $alpha
INFO [2026-02-21 20:20:36] [1] 0.5
INFO [2026-02-21 20:20:36] 
INFO [2026-02-21 20:20:36] $cex
INFO [2026-02-21 20:20:36] [1] 1.2
INFO [2026-02-21 20:20:36] 
INFO [2026-02-21 20:20:36] $cat.cex
INFO [2026-02-21 20:20:36] [1] 1.3
INFO [2026-02-21 20:20:36] 
INFO [2026-02-21 20:20:36] $lwd
INFO [2026-02-21 20:20:36] [1] 2
INFO [2026-02-21 20:20:36] 
INFO [2026-02-21 20:20:36] $margin
INFO [2026-02-21 20:20:36] [1] 0.2
INFO [2026-02-21 20:20:36] 
