INFO [2026-02-21 20:12:18] $x
INFO [2026-02-21 20:12:18] list(Exo = exo_miRNAs, Ti = ti_miRNAs, CF = cf_miRNAs)
INFO [2026-02-21 20:12:18] 
INFO [2026-02-21 20:12:18] $filename
INFO [2026-02-21 20:12:18] NULL
INFO [2026-02-21 20:12:18] 
INFO [2026-02-21 20:12:18] $fill
INFO [2026-02-21 20:12:18] c("#b22222", "#2e8b57", "#1f4e79")
INFO [2026-02-21 20:12:18] 
INFO [2026-02-21 20:12:18] $alpha
INFO [2026-02-21 20:12:18] [1] 0.5
INFO [2026-02-21 20:12:18] 
INFO [2026-02-21 20:12:18] $cex
INFO [2026-02-21 20:12:18] [1] 1.2
INFO [2026-02-21 20:12:18] 
INFO [2026-02-21 20:12:18] $cat.cex
INFO [2026-02-21 20:12:18] [1] 1.3
INFO [2026-02-21 20:12:18] 
INFO [2026-02-21 20:12:18] $cat.pos
INFO [2026-02-21 20:12:18] [1] 0
INFO [2026-02-21 20:12:18] 
INFO [2026-02-21 20:12:18] $cat.dist
INFO [2026-02-21 20:12:18] [1] 0.05
INFO [2026-02-21 20:12:18] 
INFO [2026-02-21 20:12:18] $lwd
INFO [2026-02-21 20:12:18] [1] 2
INFO [2026-02-21 20:12:18] 
INFO [2026-02-21 20:12:18] $fontfamily
INFO [2026-02-21 20:12:18] [1] "sans"
INFO [2026-02-21 20:12:18] 
INFO [2026-02-21 20:12:18] $main
INFO [2026-02-21 20:12:18] [1] "Overlap of Detected miRNAs Across Compartments"
INFO [2026-02-21 20:12:18] 
INFO [2026-02-21 20:12:18] $main.cex
INFO [2026-02-21 20:12:18] [1] 1.5
INFO [2026-02-21 20:12:18] 
