INFO [2026-02-21 19:54:54] $x
INFO [2026-02-21 19:54:54] list(Exo = exo_miRNAs, Ti = ti_miRNAs, CF = cf_miRNAs)
INFO [2026-02-21 19:54:54] 
INFO [2026-02-21 19:54:54] $filename
INFO [2026-02-21 19:54:54] NULL
INFO [2026-02-21 19:54:54] 
INFO [2026-02-21 19:54:54] $fill
INFO [2026-02-21 19:54:54] c("#b22222", "#2e8b57", "#1f4e79")
INFO [2026-02-21 19:54:54] 
INFO [2026-02-21 19:54:54] $alpha
INFO [2026-02-21 19:54:54] [1] 0.5
INFO [2026-02-21 19:54:54] 
INFO [2026-02-21 19:54:54] $cex
INFO [2026-02-21 19:54:54] [1] 1.2
INFO [2026-02-21 19:54:54] 
INFO [2026-02-21 19:54:54] $cat.cex
INFO [2026-02-21 19:54:54] [1] 1.3
INFO [2026-02-21 19:54:54] 
INFO [2026-02-21 19:54:54] $cat.pos
INFO [2026-02-21 19:54:54] [1] 0
INFO [2026-02-21 19:54:54] 
INFO [2026-02-21 19:54:54] $cat.dist
INFO [2026-02-21 19:54:54] [1] 0.05
INFO [2026-02-21 19:54:54] 
INFO [2026-02-21 19:54:54] $lwd
INFO [2026-02-21 19:54:54] [1] 2
INFO [2026-02-21 19:54:54] 
INFO [2026-02-21 19:54:54] $fontfamily
INFO [2026-02-21 19:54:54] [1] "sans"
INFO [2026-02-21 19:54:54] 
INFO [2026-02-21 19:54:54] $main
INFO [2026-02-21 19:54:54] [1] "Overlap of Detected miRNAs Across Compartments"
INFO [2026-02-21 19:54:54] 
INFO [2026-02-21 19:54:54] $main.cex
INFO [2026-02-21 19:54:54] [1] 1.5
INFO [2026-02-21 19:54:54] 
