INFO [2026-02-23 15:52:49] $x
INFO [2026-02-23 15:52:49] list(Exo = exo_miRNAs, Ti = ti_miRNAs, CF = cf_miRNAs)
INFO [2026-02-23 15:52:49] 
INFO [2026-02-23 15:52:49] $filename
INFO [2026-02-23 15:52:49] NULL
INFO [2026-02-23 15:52:49] 
INFO [2026-02-23 15:52:49] $fill
INFO [2026-02-23 15:52:49] c("#b22222", "#2e8b57", "#1f4e79")
INFO [2026-02-23 15:52:49] 
INFO [2026-02-23 15:52:49] $alpha
INFO [2026-02-23 15:52:49] [1] 0.5
INFO [2026-02-23 15:52:49] 
INFO [2026-02-23 15:52:49] $cex
INFO [2026-02-23 15:52:49] [1] 1.2
INFO [2026-02-23 15:52:49] 
INFO [2026-02-23 15:52:49] $cat.cex
INFO [2026-02-23 15:52:49] [1] 1.3
INFO [2026-02-23 15:52:49] 
INFO [2026-02-23 15:52:49] $cat.pos
INFO [2026-02-23 15:52:49] c(-20, 20, 0)
INFO [2026-02-23 15:52:49] 
INFO [2026-02-23 15:52:49] $cat.dist
INFO [2026-02-23 15:52:49] c(0.05, 0.05, 0.07)
INFO [2026-02-23 15:52:49] 
INFO [2026-02-23 15:52:49] $lwd
INFO [2026-02-23 15:52:49] [1] 2
INFO [2026-02-23 15:52:49] 
INFO [2026-02-23 15:52:49] $main
INFO [2026-02-23 15:52:49] [1] "Overlap of Detected miRNAs Across Compartments"
INFO [2026-02-23 15:52:49] 
INFO [2026-02-23 15:52:49] $main.cex
INFO [2026-02-23 15:52:49] [1] 1.5
INFO [2026-02-23 15:52:49] 
