INFO [2026-02-21 20:04:11] $x
INFO [2026-02-21 20:04:11] list(Exo = exo_miRNAs, Ti = ti_miRNAs, CF = cf_miRNAs)
INFO [2026-02-21 20:04:11] 
INFO [2026-02-21 20:04:11] $filename
INFO [2026-02-21 20:04:11] NULL
INFO [2026-02-21 20:04:11] 
INFO [2026-02-21 20:04:11] $fill
INFO [2026-02-21 20:04:11] c("#b22222", "#2e8b57", "#1f4e79")
INFO [2026-02-21 20:04:11] 
INFO [2026-02-21 20:04:11] $alpha
INFO [2026-02-21 20:04:11] [1] 0.5
INFO [2026-02-21 20:04:11] 
INFO [2026-02-21 20:04:11] $cex
INFO [2026-02-21 20:04:11] [1] 1.2
INFO [2026-02-21 20:04:11] 
INFO [2026-02-21 20:04:11] $cat.cex
INFO [2026-02-21 20:04:11] [1] 1.3
INFO [2026-02-21 20:04:11] 
INFO [2026-02-21 20:04:11] $cat.dist
INFO [2026-02-21 20:04:11] c(0.06, 0.06, 0.06)
INFO [2026-02-21 20:04:11] 
INFO [2026-02-21 20:04:11] $lwd
INFO [2026-02-21 20:04:11] [1] 2
INFO [2026-02-21 20:04:11] 
INFO [2026-02-21 20:04:11] $margin
INFO [2026-02-21 20:04:11] [1] 0.15
INFO [2026-02-21 20:04:11] 
