INFO [2026-02-21 20:23:07] $x
INFO [2026-02-21 20:23:07] list(Exo = exo_miRNAs, Ti = ti_miRNAs, CF = cf_miRNAs)
INFO [2026-02-21 20:23:07] 
INFO [2026-02-21 20:23:07] $filename
INFO [2026-02-21 20:23:07] NULL
INFO [2026-02-21 20:23:07] 
INFO [2026-02-21 20:23:07] $fill
INFO [2026-02-21 20:23:07] c("#b22222", "#2e8b57", "#1f4e79")
INFO [2026-02-21 20:23:07] 
INFO [2026-02-21 20:23:07] $alpha
INFO [2026-02-21 20:23:07] [1] 0.5
INFO [2026-02-21 20:23:07] 
INFO [2026-02-21 20:23:07] $cex
INFO [2026-02-21 20:23:07] [1] 1.2
INFO [2026-02-21 20:23:07] 
INFO [2026-02-21 20:23:07] $cat.cex
INFO [2026-02-21 20:23:07] [1] 1.3
INFO [2026-02-21 20:23:07] 
INFO [2026-02-21 20:23:07] $cat.pos
INFO [2026-02-21 20:23:07] c(-20, 20, -90)
INFO [2026-02-21 20:23:07] 
INFO [2026-02-21 20:23:07] $cat.dist
INFO [2026-02-21 20:23:07] c(0.05, 0.05, 0.15)
INFO [2026-02-21 20:23:07] 
INFO [2026-02-21 20:23:07] $lwd
INFO [2026-02-21 20:23:07] [1] 2
INFO [2026-02-21 20:23:07] 
INFO [2026-02-21 20:23:07] $fontfamily
INFO [2026-02-21 20:23:07] [1] "sans"
INFO [2026-02-21 20:23:07] 
INFO [2026-02-21 20:23:07] $main
INFO [2026-02-21 20:23:07] [1] "Overlap of Detected miRNAs Across Compartments"
INFO [2026-02-21 20:23:07] 
INFO [2026-02-21 20:23:07] $main.cex
INFO [2026-02-21 20:23:07] [1] 1.2
INFO [2026-02-21 20:23:07] 
