INFO [2026-02-21 19:58:53] $x
INFO [2026-02-21 19:58:53] list(Exo = exo_miRNAs, Ti = ti_miRNAs, CF = cf_miRNAs)
INFO [2026-02-21 19:58:53] 
INFO [2026-02-21 19:58:53] $filename
INFO [2026-02-21 19:58:53] NULL
INFO [2026-02-21 19:58:53] 
INFO [2026-02-21 19:58:53] $fill
INFO [2026-02-21 19:58:53] c("#b22222", "#2e8b57", "#1f4e79")
INFO [2026-02-21 19:58:53] 
INFO [2026-02-21 19:58:53] $alpha
INFO [2026-02-21 19:58:53] [1] 0.5
INFO [2026-02-21 19:58:53] 
INFO [2026-02-21 19:58:53] $cex
INFO [2026-02-21 19:58:53] [1] 1.2
INFO [2026-02-21 19:58:53] 
INFO [2026-02-21 19:58:53] $cat.cex
INFO [2026-02-21 19:58:53] [1] 1.3
INFO [2026-02-21 19:58:53] 
INFO [2026-02-21 19:58:53] $cat.pos
INFO [2026-02-21 19:58:53] c(-20, 20, 0)
INFO [2026-02-21 19:58:53] 
INFO [2026-02-21 19:58:53] $cat.dist
INFO [2026-02-21 19:58:53] c(0.06, 0.06, 0.09)
INFO [2026-02-21 19:58:53] 
INFO [2026-02-21 19:58:53] $lwd
INFO [2026-02-21 19:58:53] [1] 2
INFO [2026-02-21 19:58:53] 
INFO [2026-02-21 19:58:53] $fontfamily
INFO [2026-02-21 19:58:53] [1] "sans"
INFO [2026-02-21 19:58:53] 
INFO [2026-02-21 19:58:53] $main
INFO [2026-02-21 19:58:53] [1] "Overlap of Detected miRNAs Across Compartments"
INFO [2026-02-21 19:58:53] 
INFO [2026-02-21 19:58:53] $main.cex
INFO [2026-02-21 19:58:53] [1] 1.5
INFO [2026-02-21 19:58:53] 
