INFO [2026-02-21 20:10:12] $x
INFO [2026-02-21 20:10:12] list(Exo = exo_miRNAs, Ti = ti_miRNAs, CF = cf_miRNAs)
INFO [2026-02-21 20:10:12] 
INFO [2026-02-21 20:10:12] $filename
INFO [2026-02-21 20:10:12] NULL
INFO [2026-02-21 20:10:12] 
INFO [2026-02-21 20:10:12] $fill
INFO [2026-02-21 20:10:12] c("#b22222", "#2e8b57", "#1f4e79")
INFO [2026-02-21 20:10:12] 
INFO [2026-02-21 20:10:12] $alpha
INFO [2026-02-21 20:10:12] [1] 0.5
INFO [2026-02-21 20:10:12] 
INFO [2026-02-21 20:10:12] $cex
INFO [2026-02-21 20:10:12] [1] 1.2
INFO [2026-02-21 20:10:12] 
INFO [2026-02-21 20:10:12] $cat.cex
INFO [2026-02-21 20:10:12] [1] 1.3
INFO [2026-02-21 20:10:12] 
INFO [2026-02-21 20:10:12] $cat.pos
INFO [2026-02-21 20:10:12] [1] 0
INFO [2026-02-21 20:10:12] 
INFO [2026-02-21 20:10:12] $cat.dist
INFO [2026-02-21 20:10:12] [1] 0.09
INFO [2026-02-21 20:10:12] 
INFO [2026-02-21 20:10:12] $lwd
INFO [2026-02-21 20:10:12] [1] 2
INFO [2026-02-21 20:10:12] 
INFO [2026-02-21 20:10:12] $fontfamily
INFO [2026-02-21 20:10:12] [1] "sans"
INFO [2026-02-21 20:10:12] 
INFO [2026-02-21 20:10:12] $main
INFO [2026-02-21 20:10:12] [1] "Overlap of Detected miRNAs Across Compartments"
INFO [2026-02-21 20:10:12] 
INFO [2026-02-21 20:10:12] $main.cex
INFO [2026-02-21 20:10:12] [1] 1.5
INFO [2026-02-21 20:10:12] 
