INFO [2026-02-21 20:07:42] $x
INFO [2026-02-21 20:07:42] list(Exo = exo_miRNAs, Ti = ti_miRNAs, CF = cf_miRNAs)
INFO [2026-02-21 20:07:42] 
INFO [2026-02-21 20:07:42] $filename
INFO [2026-02-21 20:07:42] NULL
INFO [2026-02-21 20:07:42] 
INFO [2026-02-21 20:07:42] $fill
INFO [2026-02-21 20:07:42] c("#b22222", "#2e8b57", "#1f4e79")
INFO [2026-02-21 20:07:42] 
INFO [2026-02-21 20:07:42] $alpha
INFO [2026-02-21 20:07:42] [1] 0.5
INFO [2026-02-21 20:07:42] 
INFO [2026-02-21 20:07:42] $cex
INFO [2026-02-21 20:07:42] [1] 1.2
INFO [2026-02-21 20:07:42] 
INFO [2026-02-21 20:07:42] $cat.cex
INFO [2026-02-21 20:07:42] [1] 1.3
INFO [2026-02-21 20:07:42] 
INFO [2026-02-21 20:07:42] $cat.pos
INFO [2026-02-21 20:07:42] [1] 0
INFO [2026-02-21 20:07:42] 
INFO [2026-02-21 20:07:42] $cat.dist
INFO [2026-02-21 20:07:42] [1] 0.05
INFO [2026-02-21 20:07:42] 
INFO [2026-02-21 20:07:42] $lwd
INFO [2026-02-21 20:07:42] [1] 2
INFO [2026-02-21 20:07:42] 
INFO [2026-02-21 20:07:42] $fontfamily
INFO [2026-02-21 20:07:42] [1] "sans"
INFO [2026-02-21 20:07:42] 
INFO [2026-02-21 20:07:42] $main
INFO [2026-02-21 20:07:42] [1] "Overlap of Detected miRNAs Across Compartments"
INFO [2026-02-21 20:07:42] 
INFO [2026-02-21 20:07:42] $main.cex
INFO [2026-02-21 20:07:42] [1] 1.5
INFO [2026-02-21 20:07:42] 
