INFO [2026-02-21 23:35:37] $x
INFO [2026-02-21 23:35:37] list(Exo = exo_miRNAs, Ti = ti_miRNAs, CF = cf_miRNAs)
INFO [2026-02-21 23:35:37] 
INFO [2026-02-21 23:35:37] $filename
INFO [2026-02-21 23:35:37] NULL
INFO [2026-02-21 23:35:37] 
INFO [2026-02-21 23:35:37] $fill
INFO [2026-02-21 23:35:37] c("#b22222", "#2e8b57", "#1f4e79")
INFO [2026-02-21 23:35:37] 
INFO [2026-02-21 23:35:37] $alpha
INFO [2026-02-21 23:35:37] [1] 0.5
INFO [2026-02-21 23:35:37] 
INFO [2026-02-21 23:35:37] $cex
INFO [2026-02-21 23:35:37] [1] 1.2
INFO [2026-02-21 23:35:37] 
INFO [2026-02-21 23:35:37] $cat.cex
INFO [2026-02-21 23:35:37] [1] 1.3
INFO [2026-02-21 23:35:37] 
INFO [2026-02-21 23:35:37] $cat.pos
INFO [2026-02-21 23:35:37] c(-20, 20, 0)
INFO [2026-02-21 23:35:37] 
INFO [2026-02-21 23:35:37] $cat.dist
INFO [2026-02-21 23:35:37] c(0.05, 0.05, 0.07)
INFO [2026-02-21 23:35:37] 
INFO [2026-02-21 23:35:37] $lwd
INFO [2026-02-21 23:35:37] [1] 2
INFO [2026-02-21 23:35:37] 
INFO [2026-02-21 23:35:37] $main
INFO [2026-02-21 23:35:37] [1] "Overlap of Detected miRNAs Across Compartments"
INFO [2026-02-21 23:35:37] 
INFO [2026-02-21 23:35:37] $main.cex
INFO [2026-02-21 23:35:37] [1] 1.5
INFO [2026-02-21 23:35:37] 
