INFO [2026-02-21 20:02:06] $x
INFO [2026-02-21 20:02:06] list(Exo = exo_miRNAs, Ti = ti_miRNAs, CF = cf_miRNAs)
INFO [2026-02-21 20:02:06] 
INFO [2026-02-21 20:02:06] $filename
INFO [2026-02-21 20:02:06] NULL
INFO [2026-02-21 20:02:06] 
INFO [2026-02-21 20:02:06] $fill
INFO [2026-02-21 20:02:06] c("#b22222", "#2e8b57", "#1f4e79")
INFO [2026-02-21 20:02:06] 
INFO [2026-02-21 20:02:06] $alpha
INFO [2026-02-21 20:02:06] [1] 0.5
INFO [2026-02-21 20:02:06] 
INFO [2026-02-21 20:02:06] $cex
INFO [2026-02-21 20:02:06] [1] 1.2
INFO [2026-02-21 20:02:06] 
INFO [2026-02-21 20:02:06] $cat.cex
INFO [2026-02-21 20:02:06] [1] 1.3
INFO [2026-02-21 20:02:06] 
INFO [2026-02-21 20:02:06] $cat.dist
INFO [2026-02-21 20:02:06] c(0.06, 0.06, 0.06)
INFO [2026-02-21 20:02:06] 
INFO [2026-02-21 20:02:06] $lwd
INFO [2026-02-21 20:02:06] [1] 2
INFO [2026-02-21 20:02:06] 
INFO [2026-02-21 20:02:06] $margin
INFO [2026-02-21 20:02:06] [1] 0.15
INFO [2026-02-21 20:02:06] 
