INFO [2026-02-21 23:42:48] $x
INFO [2026-02-21 23:42:48] list(Exo = exo_miRNAs, Ti = ti_miRNAs, CF = cf_miRNAs)
INFO [2026-02-21 23:42:48] 
INFO [2026-02-21 23:42:48] $filename
INFO [2026-02-21 23:42:48] NULL
INFO [2026-02-21 23:42:48] 
INFO [2026-02-21 23:42:48] $fill
INFO [2026-02-21 23:42:48] c("#b22222", "#2e8b57", "#1f4e79")
INFO [2026-02-21 23:42:48] 
INFO [2026-02-21 23:42:48] $alpha
INFO [2026-02-21 23:42:48] [1] 0.5
INFO [2026-02-21 23:42:48] 
INFO [2026-02-21 23:42:48] $cex
INFO [2026-02-21 23:42:48] [1] 1.2
INFO [2026-02-21 23:42:48] 
INFO [2026-02-21 23:42:48] $cat.cex
INFO [2026-02-21 23:42:48] [1] 1.3
INFO [2026-02-21 23:42:48] 
INFO [2026-02-21 23:42:48] $cat.pos
INFO [2026-02-21 23:42:48] c(-20, 20, 0)
INFO [2026-02-21 23:42:48] 
INFO [2026-02-21 23:42:48] $cat.dist
INFO [2026-02-21 23:42:48] c(0.05, 0.05, 0.07)
INFO [2026-02-21 23:42:48] 
INFO [2026-02-21 23:42:48] $lwd
INFO [2026-02-21 23:42:48] [1] 2
INFO [2026-02-21 23:42:48] 
INFO [2026-02-21 23:42:48] $main
INFO [2026-02-21 23:42:48] [1] "Overlap of Detected miRNAs Across Compartments"
INFO [2026-02-21 23:42:48] 
INFO [2026-02-21 23:42:48] $main.cex
INFO [2026-02-21 23:42:48] [1] 1.5
INFO [2026-02-21 23:42:48] 
