INFO [2026-02-21 20:05:41] $x
INFO [2026-02-21 20:05:41] list(Exo = exo_miRNAs, Ti = ti_miRNAs, CF = cf_miRNAs)
INFO [2026-02-21 20:05:41] 
INFO [2026-02-21 20:05:41] $filename
INFO [2026-02-21 20:05:41] NULL
INFO [2026-02-21 20:05:41] 
INFO [2026-02-21 20:05:41] $fill
INFO [2026-02-21 20:05:41] c("#b22222", "#2e8b57", "#1f4e79")
INFO [2026-02-21 20:05:41] 
INFO [2026-02-21 20:05:41] $alpha
INFO [2026-02-21 20:05:41] [1] 0.5
INFO [2026-02-21 20:05:41] 
INFO [2026-02-21 20:05:41] $cex
INFO [2026-02-21 20:05:41] [1] 1.2
INFO [2026-02-21 20:05:41] 
INFO [2026-02-21 20:05:41] $cat.cex
INFO [2026-02-21 20:05:41] [1] 1.3
INFO [2026-02-21 20:05:41] 
INFO [2026-02-21 20:05:41] $cat.pos
INFO [2026-02-21 20:05:41] [1] 0
INFO [2026-02-21 20:05:41] 
INFO [2026-02-21 20:05:41] $cat.dist
INFO [2026-02-21 20:05:41] [1] 0.05
INFO [2026-02-21 20:05:41] 
INFO [2026-02-21 20:05:41] $lwd
INFO [2026-02-21 20:05:41] [1] 2
INFO [2026-02-21 20:05:41] 
INFO [2026-02-21 20:05:41] $fontfamily
INFO [2026-02-21 20:05:41] [1] "sans"
INFO [2026-02-21 20:05:41] 
INFO [2026-02-21 20:05:41] $main
INFO [2026-02-21 20:05:41] [1] "Overlap of Detected miRNAs Across Compartments"
INFO [2026-02-21 20:05:41] 
INFO [2026-02-21 20:05:41] $main.cex
INFO [2026-02-21 20:05:41] [1] 1.5
INFO [2026-02-21 20:05:41] 
