INFO [2026-02-21 20:06:51] $x
INFO [2026-02-21 20:06:51] list(Exo = exo_miRNAs, Ti = ti_miRNAs, CF = cf_miRNAs)
INFO [2026-02-21 20:06:51] 
INFO [2026-02-21 20:06:51] $filename
INFO [2026-02-21 20:06:51] NULL
INFO [2026-02-21 20:06:51] 
INFO [2026-02-21 20:06:51] $fill
INFO [2026-02-21 20:06:51] c("#b22222", "#2e8b57", "#1f4e79")
INFO [2026-02-21 20:06:51] 
INFO [2026-02-21 20:06:51] $alpha
INFO [2026-02-21 20:06:51] [1] 0.5
INFO [2026-02-21 20:06:51] 
INFO [2026-02-21 20:06:51] $cex
INFO [2026-02-21 20:06:51] [1] 1.2
INFO [2026-02-21 20:06:51] 
INFO [2026-02-21 20:06:51] $cat.cex
INFO [2026-02-21 20:06:51] [1] 1.3
INFO [2026-02-21 20:06:51] 
INFO [2026-02-21 20:06:51] $cat.pos
INFO [2026-02-21 20:06:51] [1] 0
INFO [2026-02-21 20:06:51] 
INFO [2026-02-21 20:06:51] $cat.dist
INFO [2026-02-21 20:06:51] [1] 0.05
INFO [2026-02-21 20:06:51] 
INFO [2026-02-21 20:06:51] $lwd
INFO [2026-02-21 20:06:51] [1] 2
INFO [2026-02-21 20:06:51] 
INFO [2026-02-21 20:06:51] $fontfamily
INFO [2026-02-21 20:06:51] [1] "sans"
INFO [2026-02-21 20:06:51] 
INFO [2026-02-21 20:06:51] $main
INFO [2026-02-21 20:06:51] [1] "Overlap of Detected miRNAs Across Compartments"
INFO [2026-02-21 20:06:51] 
INFO [2026-02-21 20:06:51] $main.cex
INFO [2026-02-21 20:06:51] [1] 1.3
INFO [2026-02-21 20:06:51] 
