INFO [2026-02-23 23:51:27] $x
INFO [2026-02-23 23:51:27] list(Exo = exo_miRNAs, Ti = ti_miRNAs, CF = cf_miRNAs)
INFO [2026-02-23 23:51:27] 
INFO [2026-02-23 23:51:27] $filename
INFO [2026-02-23 23:51:27] NULL
INFO [2026-02-23 23:51:27] 
INFO [2026-02-23 23:51:27] $fill
INFO [2026-02-23 23:51:27] c("#b22222", "#2e8b57", "#1f4e79")
INFO [2026-02-23 23:51:27] 
INFO [2026-02-23 23:51:27] $alpha
INFO [2026-02-23 23:51:27] [1] 0.5
INFO [2026-02-23 23:51:27] 
INFO [2026-02-23 23:51:27] $cex
INFO [2026-02-23 23:51:27] [1] 1.2
INFO [2026-02-23 23:51:27] 
INFO [2026-02-23 23:51:27] $cat.cex
INFO [2026-02-23 23:51:27] [1] 1.3
INFO [2026-02-23 23:51:27] 
INFO [2026-02-23 23:51:27] $cat.pos
INFO [2026-02-23 23:51:27] c(-20, 20, 0)
INFO [2026-02-23 23:51:27] 
INFO [2026-02-23 23:51:27] $cat.dist
INFO [2026-02-23 23:51:27] c(0.05, 0.05, 0.07)
INFO [2026-02-23 23:51:27] 
INFO [2026-02-23 23:51:27] $lwd
INFO [2026-02-23 23:51:27] [1] 2
INFO [2026-02-23 23:51:27] 
INFO [2026-02-23 23:51:27] $main
INFO [2026-02-23 23:51:27] [1] "Overlap of Detected miRNAs Across Compartments"
INFO [2026-02-23 23:51:27] 
INFO [2026-02-23 23:51:27] $main.cex
INFO [2026-02-23 23:51:27] [1] 1.5
INFO [2026-02-23 23:51:27] 
