INFO [2026-02-21 20:18:24] $x
INFO [2026-02-21 20:18:24] list(Exo = exo_miRNAs, Ti = ti_miRNAs, CF = cf_miRNAs)
INFO [2026-02-21 20:18:24] 
INFO [2026-02-21 20:18:24] $filename
INFO [2026-02-21 20:18:24] NULL
INFO [2026-02-21 20:18:24] 
INFO [2026-02-21 20:18:24] $fill
INFO [2026-02-21 20:18:24] c("#b22222", "#2e8b57", "#1f4e79")
INFO [2026-02-21 20:18:24] 
INFO [2026-02-21 20:18:24] $alpha
INFO [2026-02-21 20:18:24] [1] 0.5
INFO [2026-02-21 20:18:24] 
INFO [2026-02-21 20:18:24] $cex
INFO [2026-02-21 20:18:24] [1] 1.2
INFO [2026-02-21 20:18:24] 
INFO [2026-02-21 20:18:24] $cat.cex
INFO [2026-02-21 20:18:24] [1] 1.3
INFO [2026-02-21 20:18:24] 
INFO [2026-02-21 20:18:24] $cat.pos
INFO [2026-02-21 20:18:24] c(-20, 20, -100)
INFO [2026-02-21 20:18:24] 
INFO [2026-02-21 20:18:24] $cat.dist
INFO [2026-02-21 20:18:24] c(0.05, 0.05, 0.12)
INFO [2026-02-21 20:18:24] 
INFO [2026-02-21 20:18:24] $lwd
INFO [2026-02-21 20:18:24] [1] 2
INFO [2026-02-21 20:18:24] 
INFO [2026-02-21 20:18:24] $fontfamily
INFO [2026-02-21 20:18:24] [1] "sans"
INFO [2026-02-21 20:18:24] 
INFO [2026-02-21 20:18:24] $main
INFO [2026-02-21 20:18:24] [1] "Overlap of Detected miRNAs Across Compartments"
INFO [2026-02-21 20:18:24] 
INFO [2026-02-21 20:18:24] $main.cex
INFO [2026-02-21 20:18:24] [1] 1.5
INFO [2026-02-21 20:18:24] 
