INFO [2026-02-21 23:46:22] $x
INFO [2026-02-21 23:46:22] list(Exo = exo_miRNAs, Ti = ti_miRNAs, CF = cf_miRNAs)
INFO [2026-02-21 23:46:22] 
INFO [2026-02-21 23:46:22] $filename
INFO [2026-02-21 23:46:22] NULL
INFO [2026-02-21 23:46:22] 
INFO [2026-02-21 23:46:22] $fill
INFO [2026-02-21 23:46:22] c("#b22222", "#2e8b57", "#1f4e79")
INFO [2026-02-21 23:46:22] 
INFO [2026-02-21 23:46:22] $alpha
INFO [2026-02-21 23:46:22] [1] 0.5
INFO [2026-02-21 23:46:22] 
INFO [2026-02-21 23:46:22] $cex
INFO [2026-02-21 23:46:22] [1] 1.2
INFO [2026-02-21 23:46:22] 
INFO [2026-02-21 23:46:22] $cat.cex
INFO [2026-02-21 23:46:22] [1] 1.3
INFO [2026-02-21 23:46:22] 
INFO [2026-02-21 23:46:22] $cat.pos
INFO [2026-02-21 23:46:22] c(-20, 20, 0)
INFO [2026-02-21 23:46:22] 
INFO [2026-02-21 23:46:22] $cat.dist
INFO [2026-02-21 23:46:22] c(0.05, 0.05, 0.07)
INFO [2026-02-21 23:46:22] 
INFO [2026-02-21 23:46:22] $lwd
INFO [2026-02-21 23:46:22] [1] 2
INFO [2026-02-21 23:46:22] 
INFO [2026-02-21 23:46:22] $main
INFO [2026-02-21 23:46:22] [1] "Overlap of Detected miRNAs Across Compartments"
INFO [2026-02-21 23:46:22] 
INFO [2026-02-21 23:46:22] $main.cex
INFO [2026-02-21 23:46:22] [1] 1.5
INFO [2026-02-21 23:46:22] 
