INFO [2026-02-21 23:49:23] $x
INFO [2026-02-21 23:49:23] list(Exo = exo_miRNAs, Ti = ti_miRNAs, CF = cf_miRNAs)
INFO [2026-02-21 23:49:23] 
INFO [2026-02-21 23:49:23] $filename
INFO [2026-02-21 23:49:23] NULL
INFO [2026-02-21 23:49:23] 
INFO [2026-02-21 23:49:23] $fill
INFO [2026-02-21 23:49:23] c("#b22222", "#2e8b57", "#1f4e79")
INFO [2026-02-21 23:49:23] 
INFO [2026-02-21 23:49:23] $alpha
INFO [2026-02-21 23:49:23] [1] 0.5
INFO [2026-02-21 23:49:23] 
INFO [2026-02-21 23:49:23] $cex
INFO [2026-02-21 23:49:23] [1] 1.2
INFO [2026-02-21 23:49:23] 
INFO [2026-02-21 23:49:23] $cat.cex
INFO [2026-02-21 23:49:23] [1] 1.3
INFO [2026-02-21 23:49:23] 
INFO [2026-02-21 23:49:23] $cat.pos
INFO [2026-02-21 23:49:23] c(-20, 20, 0)
INFO [2026-02-21 23:49:23] 
INFO [2026-02-21 23:49:23] $cat.dist
INFO [2026-02-21 23:49:23] c(0.05, 0.05, 0.07)
INFO [2026-02-21 23:49:23] 
INFO [2026-02-21 23:49:23] $lwd
INFO [2026-02-21 23:49:23] [1] 2
INFO [2026-02-21 23:49:23] 
INFO [2026-02-21 23:49:23] $main
INFO [2026-02-21 23:49:23] [1] "Overlap of Detected miRNAs Across Compartments"
INFO [2026-02-21 23:49:23] 
INFO [2026-02-21 23:49:23] $main.cex
INFO [2026-02-21 23:49:23] [1] 1.5
INFO [2026-02-21 23:49:23] 
